<?xml version='1.0' encoding='UTF-8'?>
<testsuite hostname="roman-ThinkPad-E560" name="kmeans.KMeansSuite" tests="5" errors="0" failures="0" skipped="0" time="0.255" timestamp="2020-04-13T11:33:20">
                     <properties>
      <property name="awt.toolkit" value="sun.awt.X11.XToolkit"/><property name="java.specification.version" value="11"/><property name="sun.cpu.isalist" value=""/><property name="sun.jnu.encoding" value="UTF-8"/><property name="sun.arch.data.model" value="64"/><property name="sbt.supershell" value="false"/><property name="java.vendor.url" value="https://ubuntu.com/"/><property name="sun.boot.library.path" value="/usr/lib/jvm/java-11-openjdk-amd64/lib"/><property name="sun.java.command" value="/home/roman/.IdeaIC2019.3/config/plugins/Scala/launcher/sbt-launch.jar early(addPluginSbtFile=&quot;&quot;&quot;/tmp/idea551.sbt&quot;&quot;&quot;) ; set ideaPort in Global := 42417 ; idea-shell"/><property name="jdk.debug" value="release"/><property name="java.specification.vendor" value="Oracle Corporation"/><property name="java.version.date" value="2020-01-14"/><property name="java.home" value="/usr/lib/jvm/java-11-openjdk-amd64"/><property name="file.separator" value="/"/><property name="java.vm.compressedOopsMode" value="32-bit"/><property name="line.separator" value="
"/><property name="java.specification.name" value="Java Platform API Specification"/><property name="java.vm.specification.vendor" value="Oracle Corporation"/><property name="sun.management.compiler" value="HotSpot 64-Bit Tiered Compilers"/><property name="java.runtime.version" value="11.0.6+10-post-Ubuntu-1ubuntu118.04.1"/><property name="user.name" value="roman"/><property name="file.encoding" value="UTF-8"/><property name="jnidispatch.path" value="/tmp/jna-108696061/jna12353452062818645966.tmp"/><property name="jna.loaded" value="true"/><property name="java.io.tmpdir" value="/tmp"/><property name="java.version" value="11.0.6"/><property name="java.vm.specification.name" value="Java Virtual Machine Specification"/><property name="java.awt.printerjob" value="sun.print.PSPrinterJob"/><property name="sun.os.patch.level" value="unknown"/><property name="java.library.path" value="/usr/java/packages/lib:/usr/lib/x86_64-linux-gnu/jni:/lib/x86_64-linux-gnu:/usr/lib/x86_64-linux-gnu:/usr/lib/jni:/lib:/usr/lib"/><property name="java.vendor" value="Ubuntu"/><property name="sun.io.unicode.encoding" value="UnicodeLittle"/><property name="sun.desktop" value="gnome"/><property name="java.class.path" value="/home/roman/.IdeaIC2019.3/config/plugins/Scala/launcher/sbt-launch.jar"/><property name="java.vm.vendor" value="Ubuntu"/><property name="jline.shutdownhook" value="false"/><property name="user.timezone" value="America/New_York"/><property name="os.name" value="Linux"/><property name="java.vm.specification.version" value="11"/><property name="sun.java.launcher" value="SUN_STANDARD"/><property name="user.country" value="US"/><property name="sun.cpu.endian" value="little"/><property name="user.home" value="/home/roman"/><property name="user.language" value="en"/><property name="java.awt.graphicsenv" value="sun.awt.X11GraphicsEnvironment"/><property name="jline.esc.timeout" value="0"/><property name="path.separator" value=":"/><property name="os.version" value="4.15.0-91-generic"/><property name="jna.nosys" value="true"/><property name="java.runtime.name" value="OpenJDK Runtime Environment"/><property name="java.vm.name" value="OpenJDK 64-Bit Server VM"/><property name="jna.platform.library.path" value="/usr/lib/x86_64-linux-gnu:/lib/x86_64-linux-gnu:/lib64:/usr/lib:/lib:/usr/lib/x86_64-linux-gnu/libfakeroot"/><property name="java.vendor.url.bug" value="https://bugs.launchpad.net/ubuntu/+source/openjdk-lts"/><property name="user.dir" value="/home/roman/Documents/Projects/FunctionalProgramming/course3-parallel-programming/kmeans"/><property name="os.arch" value="amd64"/><property name="idea.managed" value="true"/><property name="java.vm.info" value="mixed mode, sharing"/><property name="java.vm.version" value="11.0.6+10-post-Ubuntu-1ubuntu118.04.1"/><property name="java.class.version" value="55.0"/>
    </properties>
                     <testcase classname="kmeans.KMeansSuite" name="'classify' should work for empty 'points' and 'means' == Seq(Point(1,1,1))" time="0.133">
                                                 
                                               </testcase><testcase classname="kmeans.KMeansSuite" name="'classify' should work for 'points' == Seq((1, 1, 0), (1, -1, 0), (-1, 1, 0), (-1, -1, 0)) and 'means' == Seq((1, 0, 0), (-1, 0, 0))" time="0.017">
                                                 
                                               </testcase><testcase classname="kmeans.KMeansSuite" name="'classify should work for empty 'points' and empty 'means'" time="0.001">
                                                 
                                               </testcase><testcase classname="kmeans.KMeansSuite" name="'classify' should work for 'points' == Seq((1, 1, 0), (1, -1, 0), (-1, 1, 0), (-1, -1, 0)) and 'means' == Seq((0, 0, 0))" time="0.004">
                                                 
                                               </testcase><testcase classname="kmeans.KMeansSuite" name="'classify' with data parallelism should work for empty 'points' and empty 'means'" time="0.1">
                                                 
                                               </testcase>
                     <system-out><![CDATA[]]></system-out>
                     <system-err><![CDATA[]]></system-err>
                   </testsuite>