<?xml version='1.0' encoding='UTF-8'?>
<testsuite hostname="roman-ThinkPad-E560" name="quickcheck.QuickCheckBinomialHeap" tests="8" errors="0" failures="1" skipped="0" time="-0.008" timestamp="2020-02-29T14:56:22">
                     <properties>
      <property name="awt.toolkit" value="sun.awt.X11.XToolkit"/><property name="java.specification.version" value="11"/><property name="sun.cpu.isalist" value=""/><property name="sun.jnu.encoding" value="UTF-8"/><property name="sun.arch.data.model" value="64"/><property name="sbt.supershell" value="false"/><property name="java.vendor.url" value="https://ubuntu.com/"/><property name="sun.boot.library.path" value="/usr/lib/jvm/java-11-openjdk-amd64/lib"/><property name="sun.java.command" value="/home/roman/.IdeaIC2019.3/config/plugins/Scala/launcher/sbt-launch.jar early(addPluginSbtFile=&quot;&quot;&quot;/tmp/idea.sbt&quot;&quot;&quot;) ; set ideaPort in Global := 38359 ; idea-shell"/><property name="jdk.debug" value="release"/><property name="java.specification.vendor" value="Oracle Corporation"/><property name="java.version.date" value="2020-01-14"/><property name="java.home" value="/usr/lib/jvm/java-11-openjdk-amd64"/><property name="file.separator" value="/"/><property name="java.vm.compressedOopsMode" value="32-bit"/><property name="line.separator" value="
"/><property name="java.specification.name" value="Java Platform API Specification"/><property name="java.vm.specification.vendor" value="Oracle Corporation"/><property name="sun.management.compiler" value="HotSpot 64-Bit Tiered Compilers"/><property name="java.runtime.version" value="11.0.6+10-post-Ubuntu-1ubuntu118.04.1"/><property name="user.name" value="roman"/><property name="file.encoding" value="UTF-8"/><property name="jnidispatch.path" value="/tmp/jna-108696061/jna263371667604705349.tmp"/><property name="jna.loaded" value="true"/><property name="java.io.tmpdir" value="/tmp"/><property name="java.version" value="11.0.6"/><property name="java.vm.specification.name" value="Java Virtual Machine Specification"/><property name="java.awt.printerjob" value="sun.print.PSPrinterJob"/><property name="sun.os.patch.level" value="unknown"/><property name="java.library.path" value="/usr/java/packages/lib:/usr/lib/x86_64-linux-gnu/jni:/lib/x86_64-linux-gnu:/usr/lib/x86_64-linux-gnu:/usr/lib/jni:/lib:/usr/lib"/><property name="java.vendor" value="Ubuntu"/><property name="sun.io.unicode.encoding" value="UnicodeLittle"/><property name="sun.desktop" value="gnome"/><property name="java.class.path" value="/home/roman/.IdeaIC2019.3/config/plugins/Scala/launcher/sbt-launch.jar"/><property name="java.vm.vendor" value="Ubuntu"/><property name="jline.shutdownhook" value="false"/><property name="user.timezone" value="America/New_York"/><property name="os.name" value="Linux"/><property name="java.vm.specification.version" value="11"/><property name="sun.java.launcher" value="SUN_STANDARD"/><property name="user.country" value="US"/><property name="sun.cpu.endian" value="little"/><property name="user.home" value="/home/roman"/><property name="user.language" value="en"/><property name="java.awt.graphicsenv" value="sun.awt.X11GraphicsEnvironment"/><property name="jline.esc.timeout" value="0"/><property name="path.separator" value=":"/><property name="os.version" value="4.15.0-88-generic"/><property name="jna.nosys" value="true"/><property name="java.runtime.name" value="OpenJDK Runtime Environment"/><property name="java.vm.name" value="OpenJDK 64-Bit Server VM"/><property name="jna.platform.library.path" value="/usr/lib/x86_64-linux-gnu:/lib/x86_64-linux-gnu:/lib64:/usr/lib:/lib:/usr/lib/x86_64-linux-gnu/libfakeroot"/><property name="java.vendor.url.bug" value="https://bugs.launchpad.net/ubuntu/+source/openjdk-lts"/><property name="user.dir" value="/home/roman/Documents/Projects/FunctionalProgramming/course2-functional-programming-design/quickcheck"/><property name="os.arch" value="amd64"/><property name="idea.managed" value="true"/><property name="java.vm.info" value="mixed mode, sharing"/><property name="java.vm.version" value="11.0.6+10-post-Ubuntu-1ubuntu118.04.1"/><property name="java.class.version" value="55.0"/>
    </properties>
                     <testcase classname="quickcheck.QuickCheckBinomialHeap" name="gen1" time="-0.001">
                                                 
                                               </testcase><testcase classname="quickcheck.QuickCheckBinomialHeap" name="gen2" time="-0.001">
                                                 
                                               </testcase><testcase classname="quickcheck.QuickCheckBinomialHeap" name="gen3" time="-0.001">
                                                 
                                               </testcase><testcase classname="quickcheck.QuickCheckBinomialHeap" name="gen4a" time="-0.001">
                                                 
                                               </testcase><testcase classname="quickcheck.QuickCheckBinomialHeap" name="gen4b" time="-0.001">
                                                 
                                               </testcase><testcase classname="quickcheck.QuickCheckBinomialHeap" name="gen4c" time="-0.001">
                                                 <failure message="java.lang.Exception: Falsified after 42 passed tests.
&gt; ARG_0: List(Node(-631173210,0,List()), Node(-2147483648,1,List(Node(-1348067541,0,List()))))" type="sbt.ForkMain$ForkError">sbt.ForkMain$ForkError: java.lang.Exception: Falsified after 42 passed tests.
&gt; ARG_0: List(Node(-631173210,0,List()), Node(-2147483648,1,List(Node(-1348067541,0,List()))))
	at org.scalacheck.ScalaCheckRunner$$anon$2$$anon$3.&lt;init&gt;(ScalaCheckFramework.scala:136)
	at org.scalacheck.ScalaCheckRunner$$anon$2.executeInternal(ScalaCheckFramework.scala:125)
	at org.scalacheck.ScalaCheckRunner$$anon$2.$anonfun$execute$11(ScalaCheckFramework.scala:113)
	at org.scalacheck.ScalaCheckRunner$$anon$2.$anonfun$execute$11$adapted(ScalaCheckFramework.scala:112)
	at scala.collection.IterableOnceOps.foreach(IterableOnce.scala:576)
	at scala.collection.IterableOnceOps.foreach$(IterableOnce.scala:574)
	at scala.collection.AbstractIterable.foreach(Iterable.scala:904)
	at scala.collection.IterableOps$WithFilter.foreach(Iterable.scala:874)
	at org.scalacheck.ScalaCheckRunner$$anon$2.execute(ScalaCheckFramework.scala:112)
	at sbt.ForkMain$Run.lambda$runTest$1(ForkMain.java:304)
	at java.base/java.util.concurrent.FutureTask.run(FutureTask.java:264)
	at java.base/java.util.concurrent.ThreadPoolExecutor.runWorker(ThreadPoolExecutor.java:1128)
	at java.base/java.util.concurrent.ThreadPoolExecutor$Worker.run(ThreadPoolExecutor.java:628)
	at java.base/java.lang.Thread.run(Thread.java:834)
</failure>
                                               </testcase><testcase classname="quickcheck.QuickCheckBinomialHeap" name="gen5" time="-0.001">
                                                 
                                               </testcase><testcase classname="quickcheck.QuickCheckBinomialHeap" name="gen6" time="-0.001">
                                                 
                                               </testcase>
                     <system-out><![CDATA[]]></system-out>
                     <system-err><![CDATA[]]></system-err>
                   </testsuite>